<?xml version="1.0" encoding="UTF-8"?>
<!-- Generated by org.testng.reporters.JUnitReportReporter -->
<testsuite hostname="Fallal" failures="0" tests="7" name="com.spacetest.demoblaze.tests.NavigationBarTest" time="22.131" errors="0" timestamp="2025-10-25T20:03:55 EEST" skipped="0">
  <testcase classname="com.spacetest.demoblaze.tests.NavigationBarTest" name="testAboutUsLink" time="3.404"/>
  <testcase classname="com.spacetest.demoblaze.tests.NavigationBarTest" name="testSignupLink" time="2.774"/>
  <testcase classname="com.spacetest.demoblaze.tests.NavigationBarTest" name="testContactLink" time="4.823"/>
  <testcase classname="com.spacetest.demoblaze.tests.NavigationBarTest" name="testHomeLink" time="2.634"/>
  <testcase classname="com.spacetest.demoblaze.tests.NavigationBarTest" name="testCartLink" time="2.893"/>
  <testcase classname="com.spacetest.demoblaze.tests.NavigationBarTest" name="testLoginLink" time="2.999"/>
  <testcase classname="com.spacetest.demoblaze.tests.NavigationBarTest" name="testLogoLink" time="2.604"/>
</testsuite> <!-- com.spacetest.demoblaze.tests.NavigationBarTest -->
