<?xml version="1.0" encoding="UTF-8"?>
<!-- Generated by org.testng.reporters.JUnitReportReporter -->
<testsuite hostname="Fallal" failures="0" tests="2" name="com.spacetest.demoblaze.tests.ProductSliderTest" time="14.472" errors="0" timestamp="2025-10-25T20:03:55 EEST" skipped="0">
  <testcase classname="com.spacetest.demoblaze.tests.ProductSliderTest" name="testCarouselArrowNavigation" time="6.333"/>
  <testcase classname="com.spacetest.demoblaze.tests.ProductSliderTest" name="testCarouselAutoSlide" time="8.139"/>
</testsuite> <!-- com.spacetest.demoblaze.tests.ProductSliderTest -->
