<?xml version="1.0" encoding="UTF-8"?>
<!-- Generated by org.testng.reporters.JUnitReportReporter -->
<testsuite hostname="Fallal" failures="0" tests="3" name="com.spacetest.demoblaze.tests.CategoryMenuTest" time="13.621" errors="0" timestamp="2025-10-25T20:03:55 EEST" skipped="0">
  <testcase classname="com.spacetest.demoblaze.tests.CategoryMenuTest" name="testCategoryProducts" time="4.062"/>
  <testcase classname="com.spacetest.demoblaze.tests.CategoryMenuTest" name="testCategoryProducts" time="5.477"/>
  <testcase classname="com.spacetest.demoblaze.tests.CategoryMenuTest" name="testCategoryProducts" time="4.082"/>
</testsuite> <!-- com.spacetest.demoblaze.tests.CategoryMenuTest -->
