<?xml version="1.0" encoding="UTF-8"?>
<!-- Generated by org.testng.reporters.JUnitReportReporter -->
<testsuite hostname="Fallal" failures="0" tests="2" name="com.spacetest.demoblaze.tests.HomePageTest" time="6.547" errors="0" timestamp="2025-10-24T21:25:55 EEST" skipped="0">
  <testcase classname="com.spacetest.demoblaze.tests.HomePageTest" name="testLogoLink" time="3.604"/>
  <testcase classname="com.spacetest.demoblaze.tests.HomePageTest" name="testContactLink" time="2.943"/>
</testsuite> <!-- com.spacetest.demoblaze.tests.HomePageTest -->
