<?xml version="1.0" encoding="UTF-8"?>
<testsuite xmlns:xsi="http://www.w3.org/2001/XMLSchema-instance" xsi:noNamespaceSchemaLocation="https://maven.apache.org/surefire/maven-surefire-plugin/xsd/surefire-test-report-3.0.xsd" version="3.0" name="TestSuite" time="50.893" tests="12" errors="0" skipped="0" failures="0">
  <properties>
    <property name="java.specification.version" value="24"/>
    <property name="sun.cpu.isalist" value="amd64"/>
    <property name="sun.jnu.encoding" value="Cp1252"/>
    <property name="java.class.path" value="e:\WorkSpace\java\demoblaze\Automation\target\test-classes;e:\WorkSpace\java\demoblaze\Automation\target\classes;C:\Users\fallal\.m2\repository\org\seleniumhq\selenium\selenium-java\4.37.0\selenium-java-4.37.0.jar;C:\Users\fallal\.m2\repository\org\seleniumhq\selenium\selenium-api\4.37.0\selenium-api-4.37.0.jar;C:\Users\fallal\.m2\repository\org\jspecify\jspecify\1.0.0\jspecify-1.0.0.jar;C:\Users\fallal\.m2\repository\org\seleniumhq\selenium\selenium-chrome-driver\4.37.0\selenium-chrome-driver-4.37.0.jar;C:\Users\fallal\.m2\repository\org\seleniumhq\selenium\selenium-chromium-driver\4.37.0\selenium-chromium-driver-4.37.0.jar;C:\Users\fallal\.m2\repository\org\seleniumhq\selenium\selenium-manager\4.37.0\selenium-manager-4.37.0.jar;C:\Users\fallal\.m2\repository\org\seleniumhq\selenium\selenium-devtools-v139\4.37.0\selenium-devtools-v139-4.37.0.jar;C:\Users\fallal\.m2\repository\org\seleniumhq\selenium\selenium-devtools-v140\4.37.0\selenium-devtools-v140-4.37.0.jar;C:\Users\fallal\.m2\repository\org\seleniumhq\selenium\selenium-devtools-v141\4.37.0\selenium-devtools-v141-4.37.0.jar;C:\Users\fallal\.m2\repository\org\seleniumhq\selenium\selenium-edge-driver\4.37.0\selenium-edge-driver-4.37.0.jar;C:\Users\fallal\.m2\repository\org\seleniumhq\selenium\selenium-firefox-driver\4.37.0\selenium-firefox-driver-4.37.0.jar;C:\Users\fallal\.m2\repository\org\seleniumhq\selenium\selenium-http\4.37.0\selenium-http-4.37.0.jar;C:\Users\fallal\.m2\repository\org\seleniumhq\selenium\selenium-ie-driver\4.37.0\selenium-ie-driver-4.37.0.jar;C:\Users\fallal\.m2\repository\org\seleniumhq\selenium\selenium-remote-driver\4.37.0\selenium-remote-driver-4.37.0.jar;C:\Users\fallal\.m2\repository\io\opentelemetry\opentelemetry-api\1.55.0\opentelemetry-api-1.55.0.jar;C:\Users\fallal\.m2\repository\io\opentelemetry\opentelemetry-context\1.55.0\opentelemetry-context-1.55.0.jar;C:\Users\fallal\.m2\repository\io\opentelemetry\opentelemetry-common\1.55.0\opentelemetry-common-1.55.0.jar;C:\Users\fallal\.m2\repository\io\opentelemetry\opentelemetry-exporter-logging\1.55.0\opentelemetry-exporter-logging-1.55.0.jar;C:\Users\fallal\.m2\repository\io\opentelemetry\opentelemetry-sdk-common\1.55.0\opentelemetry-sdk-common-1.55.0.jar;C:\Users\fallal\.m2\repository\io\opentelemetry\opentelemetry-sdk-extension-autoconfigure-spi\1.55.0\opentelemetry-sdk-extension-autoconfigure-spi-1.55.0.jar;C:\Users\fallal\.m2\repository\io\opentelemetry\opentelemetry-sdk-extension-autoconfigure\1.55.0\opentelemetry-sdk-extension-autoconfigure-1.55.0.jar;C:\Users\fallal\.m2\repository\io\opentelemetry\opentelemetry-sdk-trace\1.55.0\opentelemetry-sdk-trace-1.55.0.jar;C:\Users\fallal\.m2\repository\io\opentelemetry\opentelemetry-sdk\1.55.0\opentelemetry-sdk-1.55.0.jar;C:\Users\fallal\.m2\repository\io\opentelemetry\opentelemetry-sdk-metrics\1.55.0\opentelemetry-sdk-metrics-1.55.0.jar;C:\Users\fallal\.m2\repository\io\opentelemetry\opentelemetry-sdk-logs\1.55.0\opentelemetry-sdk-logs-1.55.0.jar;C:\Users\fallal\.m2\repository\org\seleniumhq\selenium\selenium-os\4.37.0\selenium-os-4.37.0.jar;C:\Users\fallal\.m2\repository\org\apache\commons\commons-exec\1.5.0\commons-exec-1.5.0.jar;C:\Users\fallal\.m2\repository\org\seleniumhq\selenium\selenium-safari-driver\4.37.0\selenium-safari-driver-4.37.0.jar;C:\Users\fallal\.m2\repository\org\seleniumhq\selenium\selenium-support\4.34.0\selenium-support-4.34.0.jar;C:\Users\fallal\.m2\repository\com\google\auto\service\auto-service-annotations\1.1.1\auto-service-annotations-1.1.1.jar;C:\Users\fallal\.m2\repository\com\google\guava\guava\33.4.8-jre\guava-33.4.8-jre.jar;C:\Users\fallal\.m2\repository\com\google\guava\failureaccess\1.0.3\failureaccess-1.0.3.jar;C:\Users\fallal\.m2\repository\com\google\guava\listenablefuture\9999.0-empty-to-avoid-conflict-with-guava\listenablefuture-9999.0-empty-to-avoid-conflict-with-guava.jar;C:\Users\fallal\.m2\repository\com\google\errorprone\error_prone_annotations\2.36.0\error_prone_annotations-2.36.0.jar;C:\Users\fallal\.m2\repository\com\google\j2objc\j2objc-annotations\3.0.0\j2objc-annotations-3.0.0.jar;C:\Users\fallal\.m2\repository\net\bytebuddy\byte-buddy\1.17.6\byte-buddy-1.17.6.jar;C:\Users\fallal\.m2\repository\org\seleniumhq\selenium\selenium-json\4.34.0\selenium-json-4.34.0.jar;C:\Users\fallal\.m2\repository\org\testng\testng\7.11.0\testng-7.11.0.jar;C:\Users\fallal\.m2\repository\org\slf4j\slf4j-api\2.0.16\slf4j-api-2.0.16.jar;C:\Users\fallal\.m2\repository\org\jcommander\jcommander\1.83\jcommander-1.83.jar;C:\Users\fallal\.m2\repository\org\webjars\jquery\3.7.1\jquery-3.7.1.jar;C:\Users\fallal\.m2\repository\io\qameta\allure\allure-testng\2.29.1\allure-testng-2.29.1.jar;C:\Users\fallal\.m2\repository\io\qameta\allure\allure-test-filter\2.29.1\allure-test-filter-2.29.1.jar;C:\Users\fallal\.m2\repository\io\qameta\allure\allure-java-commons\2.29.1\allure-java-commons-2.29.1.jar;C:\Users\fallal\.m2\repository\io\qameta\allure\allure-model\2.29.1\allure-model-2.29.1.jar;C:\Users\fallal\.m2\repository\com\aventstack\extentreports\5.1.2\extentreports-5.1.2.jar;C:\Users\fallal\.m2\repository\io\reactivex\rxjava3\rxjava\3.1.6\rxjava-3.1.6.jar;C:\Users\fallal\.m2\repository\org\reactivestreams\reactive-streams\1.0.4\reactive-streams-1.0.4.jar;C:\Users\fallal\.m2\repository\org\freemarker\freemarker\2.3.32\freemarker-2.3.32.jar;C:\Users\fallal\.m2\repository\org\projectlombok\lombok\1.18.26\lombok-1.18.26.jar;C:\Users\fallal\.m2\repository\com\google\code\gson\gson\2.10.1\gson-2.10.1.jar;C:\Users\fallal\.m2\repository\io\github\bonigarcia\webdrivermanager\6.2.0\webdrivermanager-6.2.0.jar;C:\Users\fallal\.m2\repository\com\github\docker-java\docker-java\3.5.3\docker-java-3.5.3.jar;C:\Users\fallal\.m2\repository\com\github\docker-java\docker-java-core\3.5.3\docker-java-core-3.5.3.jar;C:\Users\fallal\.m2\repository\com\github\docker-java\docker-java-api\3.5.3\docker-java-api-3.5.3.jar;C:\Users\fallal\.m2\repository\org\slf4j\jcl-over-slf4j\1.7.30\jcl-over-slf4j-1.7.30.jar;C:\Users\fallal\.m2\repository\com\github\docker-java\docker-java-transport-httpclient5\3.5.3\docker-java-transport-httpclient5-3.5.3.jar;C:\Users\fallal\.m2\repository\com\github\docker-java\docker-java-transport\3.5.3\docker-java-transport-3.5.3.jar;C:\Users\fallal\.m2\repository\net\java\dev\jna\jna\5.17.0\jna-5.17.0.jar;C:\Users\fallal\.m2\repository\org\brotli\dec\0.1.2\dec-0.1.2.jar;C:\Users\fallal\.m2\repository\org\apache\commons\commons-compress\1.27.1\commons-compress-1.27.1.jar;C:\Users\fallal\.m2\repository\commons-codec\commons-codec\1.17.1\commons-codec-1.17.1.jar;C:\Users\fallal\.m2\repository\org\apache\httpcomponents\client5\httpclient5\5.4.3\httpclient5-5.4.3.jar;C:\Users\fallal\.m2\repository\org\apache\httpcomponents\core5\httpcore5\5.3.4\httpcore5-5.3.4.jar;C:\Users\fallal\.m2\repository\org\apache\httpcomponents\core5\httpcore5-h2\5.3.4\httpcore5-h2-5.3.4.jar;C:\Users\fallal\.m2\repository\net\java\dev\jna\jna-platform\5.17.0\jna-platform-5.17.0.jar;C:\Users\fallal\.m2\repository\org\apache\commons\commons-lang3\3.18.0\commons-lang3-3.18.0.jar;C:\Users\fallal\.m2\repository\commons-io\commons-io\2.20.0\commons-io-2.20.0.jar;C:\Users\fallal\.m2\repository\com\fasterxml\jackson\core\jackson-core\2.19.2\jackson-core-2.19.2.jar;C:\Users\fallal\.m2\repository\com\fasterxml\jackson\core\jackson-databind\2.19.2\jackson-databind-2.19.2.jar;C:\Users\fallal\.m2\repository\com\fasterxml\jackson\core\jackson-annotations\2.19.2\jackson-annotations-2.19.2.jar;C:\Users\fallal\.m2\repository\org\apache\logging\log4j\log4j-core\2.25.1\log4j-core-2.25.1.jar;C:\Users\fallal\.m2\repository\org\apache\logging\log4j\log4j-api\2.25.1\log4j-api-2.25.1.jar;C:\Users\fallal\.m2\repository\org\slf4j\slf4j-simple\2.0.17\slf4j-simple-2.0.17.jar;"/>
    <property name="java.vm.vendor" value="Oracle Corporation"/>
    <property name="sun.arch.data.model" value="64"/>
    <property name="user.variant" value=""/>
    <property name="java.vendor.url" value="https://java.oracle.com/"/>
    <property name="user.timezone" value="Africa/Cairo"/>
    <property name="os.name" value="Windows 11"/>
    <property name="java.vm.specification.version" value="24"/>
    <property name="sun.java.launcher" value="SUN_STANDARD"/>
    <property name="user.country" value="US"/>
    <property name="sun.boot.library.path" value="C:\Program Files\Java\jdk-24\bin"/>
    <property name="sun.java.command" value="C:\Users\fallal\AppData\Local\Temp\surefire4451497503772301684\surefirebooter-20251025200304554_3.jar C:\Users\fallal\AppData\Local\Temp\surefire4451497503772301684 2025-10-25T20-03-04_465-jvmRun1 surefire-20251025200304554_1tmp surefire_0-20251025200304554_2tmp"/>
    <property name="jdk.debug" value="release"/>
    <property name="surefire.test.class.path" value="e:\WorkSpace\java\demoblaze\Automation\target\test-classes;e:\WorkSpace\java\demoblaze\Automation\target\classes;C:\Users\fallal\.m2\repository\org\seleniumhq\selenium\selenium-java\4.37.0\selenium-java-4.37.0.jar;C:\Users\fallal\.m2\repository\org\seleniumhq\selenium\selenium-api\4.37.0\selenium-api-4.37.0.jar;C:\Users\fallal\.m2\repository\org\jspecify\jspecify\1.0.0\jspecify-1.0.0.jar;C:\Users\fallal\.m2\repository\org\seleniumhq\selenium\selenium-chrome-driver\4.37.0\selenium-chrome-driver-4.37.0.jar;C:\Users\fallal\.m2\repository\org\seleniumhq\selenium\selenium-chromium-driver\4.37.0\selenium-chromium-driver-4.37.0.jar;C:\Users\fallal\.m2\repository\org\seleniumhq\selenium\selenium-manager\4.37.0\selenium-manager-4.37.0.jar;C:\Users\fallal\.m2\repository\org\seleniumhq\selenium\selenium-devtools-v139\4.37.0\selenium-devtools-v139-4.37.0.jar;C:\Users\fallal\.m2\repository\org\seleniumhq\selenium\selenium-devtools-v140\4.37.0\selenium-devtools-v140-4.37.0.jar;C:\Users\fallal\.m2\repository\org\seleniumhq\selenium\selenium-devtools-v141\4.37.0\selenium-devtools-v141-4.37.0.jar;C:\Users\fallal\.m2\repository\org\seleniumhq\selenium\selenium-edge-driver\4.37.0\selenium-edge-driver-4.37.0.jar;C:\Users\fallal\.m2\repository\org\seleniumhq\selenium\selenium-firefox-driver\4.37.0\selenium-firefox-driver-4.37.0.jar;C:\Users\fallal\.m2\repository\org\seleniumhq\selenium\selenium-http\4.37.0\selenium-http-4.37.0.jar;C:\Users\fallal\.m2\repository\org\seleniumhq\selenium\selenium-ie-driver\4.37.0\selenium-ie-driver-4.37.0.jar;C:\Users\fallal\.m2\repository\org\seleniumhq\selenium\selenium-remote-driver\4.37.0\selenium-remote-driver-4.37.0.jar;C:\Users\fallal\.m2\repository\io\opentelemetry\opentelemetry-api\1.55.0\opentelemetry-api-1.55.0.jar;C:\Users\fallal\.m2\repository\io\opentelemetry\opentelemetry-context\1.55.0\opentelemetry-context-1.55.0.jar;C:\Users\fallal\.m2\repository\io\opentelemetry\opentelemetry-common\1.55.0\opentelemetry-common-1.55.0.jar;C:\Users\fallal\.m2\repository\io\opentelemetry\opentelemetry-exporter-logging\1.55.0\opentelemetry-exporter-logging-1.55.0.jar;C:\Users\fallal\.m2\repository\io\opentelemetry\opentelemetry-sdk-common\1.55.0\opentelemetry-sdk-common-1.55.0.jar;C:\Users\fallal\.m2\repository\io\opentelemetry\opentelemetry-sdk-extension-autoconfigure-spi\1.55.0\opentelemetry-sdk-extension-autoconfigure-spi-1.55.0.jar;C:\Users\fallal\.m2\repository\io\opentelemetry\opentelemetry-sdk-extension-autoconfigure\1.55.0\opentelemetry-sdk-extension-autoconfigure-1.55.0.jar;C:\Users\fallal\.m2\repository\io\opentelemetry\opentelemetry-sdk-trace\1.55.0\opentelemetry-sdk-trace-1.55.0.jar;C:\Users\fallal\.m2\repository\io\opentelemetry\opentelemetry-sdk\1.55.0\opentelemetry-sdk-1.55.0.jar;C:\Users\fallal\.m2\repository\io\opentelemetry\opentelemetry-sdk-metrics\1.55.0\opentelemetry-sdk-metrics-1.55.0.jar;C:\Users\fallal\.m2\repository\io\opentelemetry\opentelemetry-sdk-logs\1.55.0\opentelemetry-sdk-logs-1.55.0.jar;C:\Users\fallal\.m2\repository\org\seleniumhq\selenium\selenium-os\4.37.0\selenium-os-4.37.0.jar;C:\Users\fallal\.m2\repository\org\apache\commons\commons-exec\1.5.0\commons-exec-1.5.0.jar;C:\Users\fallal\.m2\repository\org\seleniumhq\selenium\selenium-safari-driver\4.37.0\selenium-safari-driver-4.37.0.jar;C:\Users\fallal\.m2\repository\org\seleniumhq\selenium\selenium-support\4.34.0\selenium-support-4.34.0.jar;C:\Users\fallal\.m2\repository\com\google\auto\service\auto-service-annotations\1.1.1\auto-service-annotations-1.1.1.jar;C:\Users\fallal\.m2\repository\com\google\guava\guava\33.4.8-jre\guava-33.4.8-jre.jar;C:\Users\fallal\.m2\repository\com\google\guava\failureaccess\1.0.3\failureaccess-1.0.3.jar;C:\Users\fallal\.m2\repository\com\google\guava\listenablefuture\9999.0-empty-to-avoid-conflict-with-guava\listenablefuture-9999.0-empty-to-avoid-conflict-with-guava.jar;C:\Users\fallal\.m2\repository\com\google\errorprone\error_prone_annotations\2.36.0\error_prone_annotations-2.36.0.jar;C:\Users\fallal\.m2\repository\com\google\j2objc\j2objc-annotations\3.0.0\j2objc-annotations-3.0.0.jar;C:\Users\fallal\.m2\repository\net\bytebuddy\byte-buddy\1.17.6\byte-buddy-1.17.6.jar;C:\Users\fallal\.m2\repository\org\seleniumhq\selenium\selenium-json\4.34.0\selenium-json-4.34.0.jar;C:\Users\fallal\.m2\repository\org\testng\testng\7.11.0\testng-7.11.0.jar;C:\Users\fallal\.m2\repository\org\slf4j\slf4j-api\2.0.16\slf4j-api-2.0.16.jar;C:\Users\fallal\.m2\repository\org\jcommander\jcommander\1.83\jcommander-1.83.jar;C:\Users\fallal\.m2\repository\org\webjars\jquery\3.7.1\jquery-3.7.1.jar;C:\Users\fallal\.m2\repository\io\qameta\allure\allure-testng\2.29.1\allure-testng-2.29.1.jar;C:\Users\fallal\.m2\repository\io\qameta\allure\allure-test-filter\2.29.1\allure-test-filter-2.29.1.jar;C:\Users\fallal\.m2\repository\io\qameta\allure\allure-java-commons\2.29.1\allure-java-commons-2.29.1.jar;C:\Users\fallal\.m2\repository\io\qameta\allure\allure-model\2.29.1\allure-model-2.29.1.jar;C:\Users\fallal\.m2\repository\com\aventstack\extentreports\5.1.2\extentreports-5.1.2.jar;C:\Users\fallal\.m2\repository\io\reactivex\rxjava3\rxjava\3.1.6\rxjava-3.1.6.jar;C:\Users\fallal\.m2\repository\org\reactivestreams\reactive-streams\1.0.4\reactive-streams-1.0.4.jar;C:\Users\fallal\.m2\repository\org\freemarker\freemarker\2.3.32\freemarker-2.3.32.jar;C:\Users\fallal\.m2\repository\org\projectlombok\lombok\1.18.26\lombok-1.18.26.jar;C:\Users\fallal\.m2\repository\com\google\code\gson\gson\2.10.1\gson-2.10.1.jar;C:\Users\fallal\.m2\repository\io\github\bonigarcia\webdrivermanager\6.2.0\webdrivermanager-6.2.0.jar;C:\Users\fallal\.m2\repository\com\github\docker-java\docker-java\3.5.3\docker-java-3.5.3.jar;C:\Users\fallal\.m2\repository\com\github\docker-java\docker-java-core\3.5.3\docker-java-core-3.5.3.jar;C:\Users\fallal\.m2\repository\com\github\docker-java\docker-java-api\3.5.3\docker-java-api-3.5.3.jar;C:\Users\fallal\.m2\repository\org\slf4j\jcl-over-slf4j\1.7.30\jcl-over-slf4j-1.7.30.jar;C:\Users\fallal\.m2\repository\com\github\docker-java\docker-java-transport-httpclient5\3.5.3\docker-java-transport-httpclient5-3.5.3.jar;C:\Users\fallal\.m2\repository\com\github\docker-java\docker-java-transport\3.5.3\docker-java-transport-3.5.3.jar;C:\Users\fallal\.m2\repository\net\java\dev\jna\jna\5.17.0\jna-5.17.0.jar;C:\Users\fallal\.m2\repository\org\brotli\dec\0.1.2\dec-0.1.2.jar;C:\Users\fallal\.m2\repository\org\apache\commons\commons-compress\1.27.1\commons-compress-1.27.1.jar;C:\Users\fallal\.m2\repository\commons-codec\commons-codec\1.17.1\commons-codec-1.17.1.jar;C:\Users\fallal\.m2\repository\org\apache\httpcomponents\client5\httpclient5\5.4.3\httpclient5-5.4.3.jar;C:\Users\fallal\.m2\repository\org\apache\httpcomponents\core5\httpcore5\5.3.4\httpcore5-5.3.4.jar;C:\Users\fallal\.m2\repository\org\apache\httpcomponents\core5\httpcore5-h2\5.3.4\httpcore5-h2-5.3.4.jar;C:\Users\fallal\.m2\repository\net\java\dev\jna\jna-platform\5.17.0\jna-platform-5.17.0.jar;C:\Users\fallal\.m2\repository\org\apache\commons\commons-lang3\3.18.0\commons-lang3-3.18.0.jar;C:\Users\fallal\.m2\repository\commons-io\commons-io\2.20.0\commons-io-2.20.0.jar;C:\Users\fallal\.m2\repository\com\fasterxml\jackson\core\jackson-core\2.19.2\jackson-core-2.19.2.jar;C:\Users\fallal\.m2\repository\com\fasterxml\jackson\core\jackson-databind\2.19.2\jackson-databind-2.19.2.jar;C:\Users\fallal\.m2\repository\com\fasterxml\jackson\core\jackson-annotations\2.19.2\jackson-annotations-2.19.2.jar;C:\Users\fallal\.m2\repository\org\apache\logging\log4j\log4j-core\2.25.1\log4j-core-2.25.1.jar;C:\Users\fallal\.m2\repository\org\apache\logging\log4j\log4j-api\2.25.1\log4j-api-2.25.1.jar;C:\Users\fallal\.m2\repository\org\slf4j\slf4j-simple\2.0.17\slf4j-simple-2.0.17.jar;"/>
    <property name="sun.cpu.endian" value="little"/>
    <property name="user.home" value="C:\Users\fallal"/>
    <property name="user.language" value="en"/>
    <property name="java.specification.vendor" value="Oracle Corporation"/>
    <property name="java.version.date" value="2025-03-18"/>
    <property name="java.home" value="C:\Program Files\Java\jdk-24"/>
    <property name="file.separator" value="\"/>
    <property name="basedir" value="e:\WorkSpace\java\demoblaze\Automation"/>
    <property name="java.vm.compressedOopsMode" value="Zero based"/>
    <property name="line.separator" value="&#10;"/>
    <property name="java.vm.specification.vendor" value="Oracle Corporation"/>
    <property name="java.specification.name" value="Java Platform API Specification"/>
    <property name="surefire.real.class.path" value="C:\Users\fallal\AppData\Local\Temp\surefire4451497503772301684\surefirebooter-20251025200304554_3.jar"/>
    <property name="user.script" value=""/>
    <property name="sun.management.compiler" value="HotSpot 64-Bit Tiered Compilers"/>
    <property name="java.runtime.version" value="24+36-3646"/>
    <property name="user.name" value="fallal"/>
    <property name="stdout.encoding" value="Cp1252"/>
    <property name="path.separator" value=";"/>
    <property name="os.version" value="10.0"/>
    <property name="java.runtime.name" value="Java(TM) SE Runtime Environment"/>
    <property name="file.encoding" value="UTF-8"/>
    <property name="java.vm.name" value="Java HotSpot(TM) 64-Bit Server VM"/>
    <property name="localRepository" value="C:\Users\fallal\.m2\repository"/>
    <property name="java.vendor.url.bug" value="https://bugreport.java.com/bugreport/"/>
    <property name="java.io.tmpdir" value="C:\Users\fallal\AppData\Local\Temp\"/>
    <property name="java.version" value="24"/>
    <property name="user.dir" value="e:\WorkSpace\java\demoblaze\Automation"/>
    <property name="os.arch" value="amd64"/>
    <property name="java.vm.specification.name" value="Java Virtual Machine Specification"/>
    <property name="sun.os.patch.level" value=""/>
    <property name="native.encoding" value="Cp1252"/>
    <property name="java.library.path" value="C:\Program Files\Java\jdk-24\bin;C:\WINDOWS\Sun\Java\bin;C:\WINDOWS\system32;C:\WINDOWS;c:\Users\fallal\.vscode\extensions\stmicroelectronics.stm32cube-ide-core-1.0.3\resources\binaries\win32\x86_64;c:/Users/fallal/.vscode/extensions/stmicroelectronics.stm32cube-ide-build-cmake-1.42.2/resources/cube-cmake/win32;C:\Program Files\Renode\bin;C:\Program Files (x86)\STMicroelectronics\stlink_server;D:\Installations\STM\STM32CubeCLT_1.18.0;D:\Installations\STM\STM32CubeCLT_1.18.0\CMake\bin;D:\Installations\STM\STM32CubeCLT_1.18.0\Ninja\bin;D:\Installations\STM\STM32CubeCLT_1.18.0\GNU-tools-for-STM32\bin;D:\Installations\STM\STM32CubeCLT_1.18.0\STLink-gdb-server\bin;D:\Installations\STM\STM32CubeCLT_1.18.0\STM32CubeProgrammer\bin;C:\WINDOWS\system32;C:\WINDOWS;C:\WINDOWS\System32\Wbem;C:\WINDOWS\System32\WindowsPowerShell\v1.0\;C:\WINDOWS\System32\OpenSSH\;C:\Program Files\dotnet\;C:\Program Files (x86)\NVIDIA Corporation\PhysX\Common;C:\Program Files\Common Files\Oracle\Java\javapath;C:\Program Files\CMake\bin;D:\Installations\Git\cmd;C:\Program Files\Docker\Docker\resources\bin;C:\Program Files\nodejs\;C:\Program Files (x86)\GNU Arm Embedded Toolchain\10 2021.10\bin;C:\Users\fallal\AppData\Local\Microsoft\WindowsApps;D:\Installations\Microsoft VS Code\bin;D:\Installations\ffmpeg\bin;D:\Installations\pmd\pmd-bin-7.16.0\bin;C:\Program Files (x86)\GnuWin32\bin;C:\Users\fallal\AppData\Local\Microsoft\WinGet\Packages\Ninja-build.Ninja_Microsoft.Winget.Source_8wekyb3d8bbwe;C:\Users\fallal\AppData\Local\Microsoft\WinGet\Packages\oss-winget.gperf_Microsoft.Winget.Source_8wekyb3d8bbwe;C:\Users\fallal\AppData\Local\Microsoft\WinGet\Packages\oss-winget.dtc_Microsoft.Winget.Source_8wekyb3d8bbwe\usr\bin;C:\Users\fallal\AppData\Local\Microsoft\WinGet\Packages\JernejSimoncic.Wget_Microsoft.Winget.Source_8wekyb3d8bbwe;D:\Program Sources\apache-maven-3.9.11\bin;D:\Program Sources\allure-2.35.1\bin;C:\MinGW\bin\;C:\Users\fallal\AppData\Roaming\npm;c:\Users\fallal\AppData\Roaming\Code\User\globalStorage\github.copilot-chat\debugCommand;."/>
    <property name="java.vm.info" value="mixed mode, sharing"/>
    <property name="stderr.encoding" value="Cp1252"/>
    <property name="java.vendor" value="Oracle Corporation"/>
    <property name="java.vm.version" value="24+36-3646"/>
    <property name="sun.io.unicode.encoding" value="UnicodeLittle"/>
    <property name="java.class.version" value="68.0"/>
  </properties>
  <testcase name="testCategoryProducts[Phones, Samsung galaxy s6](1)" classname="com.spacetest.demoblaze.tests.CategoryMenuTest" time="1.811">
    <system-out><![CDATA[Testing category: Phones
Found products: [Samsung galaxy s6, Nokia lumia 1520, Nexus 6, Samsung galaxy s7, Iphone 6 32gb, Sony xperia z5, HTC One M9]
]]></system-out>
  </testcase>
  <testcase name="testCategoryProducts[Laptops, Sony vaio i5](2)" classname="com.spacetest.demoblaze.tests.CategoryMenuTest" time="1.758">
    <system-out><![CDATA[Testing category: Laptops
Found products: [Sony vaio i5, Sony vaio i7, MacBook air, Dell i7 8gb, 2017 Dell 15.6 Inch, MacBook Pro]
]]></system-out>
  </testcase>
  <testcase name="testCategoryProducts[Monitors, Apple monitor 24](3)" classname="com.spacetest.demoblaze.tests.CategoryMenuTest" time="1.705">
    <system-out><![CDATA[Testing category: Monitors
Found products: [Apple monitor 24, ASUS Full HD]
]]></system-out>
  </testcase>
  <testcase name="testAboutUsLink" classname="com.spacetest.demoblaze.tests.NavigationBarTest" time="0.727"/>
  <testcase name="testCartLink" classname="com.spacetest.demoblaze.tests.NavigationBarTest" time="0.615"/>
  <testcase name="testContactLink" classname="com.spacetest.demoblaze.tests.NavigationBarTest" time="0.7"/>
  <testcase name="testHomeLink" classname="com.spacetest.demoblaze.tests.NavigationBarTest" time="0.442"/>
  <testcase name="testLoginLink" classname="com.spacetest.demoblaze.tests.NavigationBarTest" time="0.691"/>
  <testcase name="testLogoLink" classname="com.spacetest.demoblaze.tests.NavigationBarTest" time="0.37"/>
  <testcase name="testSignupLink" classname="com.spacetest.demoblaze.tests.NavigationBarTest" time="0.679"/>
  <testcase name="testCarouselArrowNavigation" classname="com.spacetest.demoblaze.tests.ProductSliderTest" time="2.273">
    <system-out><![CDATA[First image: https://www.demoblaze.com/Samsung1.jpg
Second image (after Next): https://www.demoblaze.com/nexus1.jpg
Third image (after Previous): https://www.demoblaze.com/Samsung1.jpg
]]></system-out>
  </testcase>
  <testcase name="testCarouselAutoSlide" classname="com.spacetest.demoblaze.tests.ProductSliderTest" time="5.728">
    <system-out><![CDATA[First image: https://www.demoblaze.com/Samsung1.jpg
Second image: https://www.demoblaze.com/nexus1.jpg
]]></system-out>
  </testcase>
</testsuite>